Performing C SOURCE FILE Test CMAKE_HAVE_LIBC_PTHREAD failed with the following output:
Change Dir: /home/samuel/Desktop/IVS - odovzdanie/ivs_project_1_2022/assignment/build/CMakeFiles/CMakeTmp

Run Build Command(s):/usr/bin/make -f Makefile cmTC_fd8ea/fast && /usr/bin/make  -f CMakeFiles/cmTC_fd8ea.dir/build.make CMakeFiles/cmTC_fd8ea.dir/build
make[1]: Entering directory '/home/samuel/Desktop/IVS - odovzdanie/ivs_project_1_2022/assignment/build/CMakeFiles/CMakeTmp'
Building C object CMakeFiles/cmTC_fd8ea.dir/src.c.o
/usr/bin/cc -DCMAKE_HAVE_LIBC_PTHREAD  -g -O0 -fprofile-arcs -ftest-coverage  -o CMakeFiles/cmTC_fd8ea.dir/src.c.o -c "/home/samuel/Desktop/IVS - odovzdanie/ivs_project_1_2022/assignment/build/CMakeFiles/CMakeTmp/src.c"
Linking C executable cmTC_fd8ea
/usr/local/bin/cmake -E cmake_link_script CMakeFiles/cmTC_fd8ea.dir/link.txt --verbose=1
/usr/bin/cc  -g -O0 -fprofile-arcs -ftest-coverage  CMakeFiles/cmTC_fd8ea.dir/src.c.o -o cmTC_fd8ea 
/usr/bin/ld: CMakeFiles/cmTC_fd8ea.dir/src.c.o: in function `main':
/home/samuel/Desktop/IVS - odovzdanie/ivs_project_1_2022/assignment/build/CMakeFiles/CMakeTmp/src.c:11: undefined reference to `pthread_create'
/usr/bin/ld: /home/samuel/Desktop/IVS - odovzdanie/ivs_project_1_2022/assignment/build/CMakeFiles/CMakeTmp/src.c:12: undefined reference to `pthread_detach'
/usr/bin/ld: /home/samuel/Desktop/IVS - odovzdanie/ivs_project_1_2022/assignment/build/CMakeFiles/CMakeTmp/src.c:13: undefined reference to `pthread_cancel'
/usr/bin/ld: /home/samuel/Desktop/IVS - odovzdanie/ivs_project_1_2022/assignment/build/CMakeFiles/CMakeTmp/src.c:14: undefined reference to `pthread_join'
collect2: error: ld returned 1 exit status
make[1]: *** [CMakeFiles/cmTC_fd8ea.dir/build.make:99: cmTC_fd8ea] Error 1
make[1]: Leaving directory '/home/samuel/Desktop/IVS - odovzdanie/ivs_project_1_2022/assignment/build/CMakeFiles/CMakeTmp'
make: *** [Makefile:127: cmTC_fd8ea/fast] Error 2


Source file was:
#include <pthread.h>

static void* test_func(void* data)
{
  return data;
}

int main(void)
{
  pthread_t thread;
  pthread_create(&thread, NULL, test_func, NULL);
  pthread_detach(thread);
  pthread_cancel(thread);
  pthread_join(thread, NULL);
  pthread_atfork(NULL, NULL, NULL);
  pthread_exit(NULL);

  return 0;
}

Determining if the function pthread_create exists in the pthreads failed with the following output:
Change Dir: /home/samuel/Desktop/IVS - odovzdanie/ivs_project_1_2022/assignment/build/CMakeFiles/CMakeTmp

Run Build Command(s):/usr/bin/make -f Makefile cmTC_e72cb/fast && /usr/bin/make  -f CMakeFiles/cmTC_e72cb.dir/build.make CMakeFiles/cmTC_e72cb.dir/build
make[1]: Entering directory '/home/samuel/Desktop/IVS - odovzdanie/ivs_project_1_2022/assignment/build/CMakeFiles/CMakeTmp'
Building C object CMakeFiles/cmTC_e72cb.dir/CheckFunctionExists.c.o
/usr/bin/cc   -g -O0 -fprofile-arcs -ftest-coverage -DCHECK_FUNCTION_EXISTS=pthread_create -o CMakeFiles/cmTC_e72cb.dir/CheckFunctionExists.c.o -c /usr/local/share/cmake-3.22/Modules/CheckFunctionExists.c
Linking C executable cmTC_e72cb
/usr/local/bin/cmake -E cmake_link_script CMakeFiles/cmTC_e72cb.dir/link.txt --verbose=1
/usr/bin/cc  -g -O0 -fprofile-arcs -ftest-coverage -DCHECK_FUNCTION_EXISTS=pthread_create CMakeFiles/cmTC_e72cb.dir/CheckFunctionExists.c.o -o cmTC_e72cb  -lpthreads 
/usr/bin/ld: cannot find -lpthreads
collect2: error: ld returned 1 exit status
make[1]: *** [CMakeFiles/cmTC_e72cb.dir/build.make:99: cmTC_e72cb] Error 1
make[1]: Leaving directory '/home/samuel/Desktop/IVS - odovzdanie/ivs_project_1_2022/assignment/build/CMakeFiles/CMakeTmp'
make: *** [Makefile:127: cmTC_e72cb/fast] Error 2



